<?xml version="1.0" encoding="UTF-8"?>
<testng-results skipped="0" failed="0" total="1" passed="1">
  <reporter-output>
  </reporter-output>
  <suite name="Default suite" duration-ms="37593" started-at="2021-10-08T16:19:31Z" finished-at="2021-10-08T16:20:09Z">
    <groups>
    </groups>
    <test name="Default test" duration-ms="37593" started-at="2021-10-08T16:19:31Z" finished-at="2021-10-08T16:20:09Z">
      <class name="org.practice.TestNgDataProvider">
        <test-method status="PASS" signature="method(java.lang.String, java.lang.String, java.lang.String, java.lang.String, java.lang.String, java.lang.String, java.lang.String, java.lang.String, java.lang.String, java.lang.String, java.lang.String, java.lang.String, java.lang.String, java.lang.String, java.lang.String, java.lang.String, java.lang.String, java.lang.String)[pri:0, instance:org.practice.TestNgDataProvider@5e5792a0]" name="method" duration-ms="37553" started-at="2021-10-08T21:49:31Z" data-provider="addactin" finished-at="2021-10-08T21:50:09Z">
          <params>
            <param index="0">
              <value>
                <![CDATA[9600943393]]>
              </value>
            </param>
            <param index="1">
              <value>
                <![CDATA[9600943393]]>
              </value>
            </param>
            <param index="2">
              <value>
                <![CDATA[Melbourne]]>
              </value>
            </param>
            <param index="3">
              <value>
                <![CDATA[Hotel Creek]]>
              </value>
            </param>
            <param index="4">
              <value>
                <![CDATA[Standard]]>
              </value>
            </param>
            <param index="5">
              <value>
                <![CDATA[1 - One]]>
              </value>
            </param>
            <param index="6">
              <value>
                <![CDATA[09/10/2021]]>
              </value>
            </param>
            <param index="7">
              <value>
                <![CDATA[10/10/2021]]>
              </value>
            </param>
            <param index="8">
              <value>
                <![CDATA[1 - One]]>
              </value>
            </param>
            <param index="9">
              <value>
                <![CDATA[1 - One]]>
              </value>
            </param>
            <param index="10">
              <value>
                <![CDATA[priya]]>
              </value>
            </param>
            <param index="11">
              <value>
                <![CDATA[prakash]]>
              </value>
            </param>
            <param index="12">
              <value>
                <![CDATA[Tiruchengode]]>
              </value>
            </param>
            <param index="13">
              <value>
                <![CDATA[1234123412341234]]>
              </value>
            </param>
            <param index="14">
              <value>
                <![CDATA[VISA]]>
              </value>
            </param>
            <param index="15">
              <value>
                <![CDATA[February]]>
              </value>
            </param>
            <param index="16">
              <value>
                <![CDATA[2022]]>
              </value>
            </param>
            <param index="17">
              <value>
                <![CDATA[456]]>
              </value>
            </param>
          </params>
          <reporter-output>
          </reporter-output>
        </test-method> <!-- method -->
      </class> <!-- org.practice.TestNgDataProvider -->
    </test> <!-- Default test -->
  </suite> <!-- Default suite -->
</testng-results>
